Using pre-set license
Built from '2021.3/staging' branch; Version is '2021.3.9f1 (ad3870b89536) revision 11352176'; Using compiler version '192829333'; Build Type 'Release'
OS: 'Windows 10  (10.0.19045) 64bit ProfessionalEducation' Language: 'sv' Physical Memory: 7882 MB
BatchMode: 1, IsHumanControllingUs: 0, StartBugReporterOnCrash: 0, Is64bit: 1, IsPro: 1

COMMAND LINE ARGUMENTS:
C:\Program Files\Unity\Hub\Editor\2021.3.9f1\Editor\Unity.exe
-adb2
-batchMode
-noUpm
-name
AssetImportWorker0
-projectPath
C:/Users/GeorgiosKopsachilis/unity_stuff/Snaek_3D
-logFile
Logs/AssetImportWorker0.log
-srvPort
65517
Successfully changed project path to: C:/Users/GeorgiosKopsachilis/unity_stuff/Snaek_3D
C:/Users/GeorgiosKopsachilis/unity_stuff/Snaek_3D
[UnityMemory] Configuration Parameters - Can be set up in boot.config
    "memorysetup-bucket-allocator-granularity=16"
    "memorysetup-bucket-allocator-bucket-count=8"
    "memorysetup-bucket-allocator-block-size=33554432"
    "memorysetup-bucket-allocator-block-count=8"
    "memorysetup-main-allocator-block-size=16777216"
    "memorysetup-thread-allocator-block-size=16777216"
    "memorysetup-gfx-main-allocator-block-size=16777216"
    "memorysetup-gfx-thread-allocator-block-size=16777216"
    "memorysetup-cache-allocator-block-size=4194304"
    "memorysetup-typetree-allocator-block-size=2097152"
    "memorysetup-profiler-bucket-allocator-granularity=16"
    "memorysetup-profiler-bucket-allocator-bucket-count=8"
    "memorysetup-profiler-bucket-allocator-block-size=33554432"
    "memorysetup-profiler-bucket-allocator-block-count=8"
    "memorysetup-profiler-allocator-block-size=16777216"
    "memorysetup-profiler-editor-allocator-block-size=1048576"
    "memorysetup-temp-allocator-size-main=16777216"
    "memorysetup-job-temp-allocator-block-size=2097152"
    "memorysetup-job-temp-allocator-block-size-background=1048576"
    "memorysetup-job-temp-allocator-reduction-small-platforms=262144"
    "memorysetup-temp-allocator-size-background-worker=32768"
    "memorysetup-temp-allocator-size-job-worker=262144"
    "memorysetup-temp-allocator-size-preload-manager=33554432"
    "memorysetup-temp-allocator-size-nav-mesh-worker=65536"
    "memorysetup-temp-allocator-size-audio-worker=65536"
    "memorysetup-temp-allocator-size-cloud-worker=32768"
    "memorysetup-temp-allocator-size-gi-baking-worker=262144"
    "memorysetup-temp-allocator-size-gfx=262144"
Refreshing native plugins compatible for Editor in 212.33 ms, found 3 plugins.
Preloading 0 native plugins for Editor in 0.00 ms.
Initialize engine version: 2021.3.9f1 (ad3870b89536)
[Subsystems] Discovering subsystems at path C:/Program Files/Unity/Hub/Editor/2021.3.9f1/Editor/Data/Resources/UnitySubsystems
[Subsystems] Discovering subsystems at path C:/Users/GeorgiosKopsachilis/unity_stuff/Snaek_3D/Assets
GfxDevice: creating device client; threaded=0; jobified=0
Direct3D:
    Version:  Direct3D 11.0 [level 11.1]
    Renderer: Intel(R) Iris(R) Xe Graphics (ID=0x9a49)
    Vendor:   Intel
    VRAM:     3941 MB
    Driver:   30.0.101.1003
Initialize mono
Mono path[0] = 'C:/Program Files/Unity/Hub/Editor/2021.3.9f1/Editor/Data/Managed'
Mono path[1] = 'C:/Program Files/Unity/Hub/Editor/2021.3.9f1/Editor/Data/MonoBleedingEdge/lib/mono/unityjit-win32'
Mono config path = 'C:/Program Files/Unity/Hub/Editor/2021.3.9f1/Editor/Data/MonoBleedingEdge/etc'
Using monoOptions --debugger-agent=transport=dt_socket,embedding=1,server=y,suspend=n,address=127.0.0.1:56844
Begin MonoManager ReloadAssembly
Registering precompiled unity dll's ...
Register platform support module: C:/Program Files/Unity/Hub/Editor/2021.3.9f1/Editor/Data/PlaybackEngines/WindowsStandaloneSupport/UnityEditor.WindowsStandalone.Extensions.dll
Registered in 0.019208 seconds.
Native extension for WindowsStandalone target not found
Refreshing native plugins compatible for Editor in 245.24 ms, found 3 plugins.
Preloading 0 native plugins for Editor in 0.00 ms.
Mono: successfully reloaded assembly
- Completed reload, in  2.206 seconds
Domain Reload Profiling:
	ReloadAssembly (2207ms)
		BeginReloadAssembly (251ms)
			ExecutionOrderSort (0ms)
			DisableScriptedObjects (0ms)
			BackupInstance (0ms)
			ReleaseScriptingObjects (0ms)
			CreateAndSetChildDomain (3ms)
		EndReloadAssembly (1557ms)
			LoadAssemblies (245ms)
			RebuildTransferFunctionScriptingTraits (1ms)
			SetupTypeCache (408ms)
			ReleaseScriptCaches (0ms)
			RebuildScriptCaches (87ms)
			SetupLoadedEditorAssemblies (888ms)
				LogAssemblyErrors (0ms)
				InitializePlatformSupportModulesInManaged (29ms)
				SetLoadedEditorAssemblies (1ms)
				RefreshPlugins (245ms)
				BeforeProcessingInitializeOnLoad (3ms)
				ProcessInitializeOnLoadAttributes (443ms)
				ProcessInitializeOnLoadMethodAttributes (167ms)
				AfterProcessingInitializeOnLoad (0ms)
				EditorAssembliesLoaded (0ms)
			ExecutionOrderSort2 (0ms)
			AwakeInstancesAfterBackupRestoration (0ms)
Platform modules already initialized, skipping
Registering precompiled user dll's ...
Registered in 0.019352 seconds.
Begin MonoManager ReloadAssembly
Symbol file LoadedFromMemory doesn't match image C:\Users\GeorgiosKopsachilis\unity_stuff\Snaek_3D\Library\PackageCache\com.unity.visualscripting@1.7.8\Editor\VisualScripting.Core\Dependencies\YamlDotNet\Unity.VisualScripting.YamlDotNet.dll
Symbol file LoadedFromMemory doesn't match image C:\Users\GeorgiosKopsachilis\unity_stuff\Snaek_3D\Library\PackageCache\com.unity.visualscripting@1.7.8\Editor\VisualScripting.Core\Dependencies\DotNetZip\Unity.VisualScripting.IonicZip.dll
Native extension for WindowsStandalone target not found
Refreshing native plugins compatible for Editor in 2.50 ms, found 3 plugins.
Preloading 0 native plugins for Editor in 0.00 ms.
Mono: successfully reloaded assembly
- Completed reload, in  3.649 seconds
Domain Reload Profiling:
	ReloadAssembly (3653ms)
		BeginReloadAssembly (362ms)
			ExecutionOrderSort (0ms)
			DisableScriptedObjects (16ms)
			BackupInstance (0ms)
			ReleaseScriptingObjects (0ms)
			CreateAndSetChildDomain (69ms)
		EndReloadAssembly (2923ms)
			LoadAssemblies (352ms)
			RebuildTransferFunctionScriptingTraits (0ms)
			SetupTypeCache (1006ms)
			ReleaseScriptCaches (4ms)
			RebuildScriptCaches (274ms)
			SetupLoadedEditorAssemblies (1177ms)
				LogAssemblyErrors (0ms)
				InitializePlatformSupportModulesInManaged (17ms)
				SetLoadedEditorAssemblies (1ms)
				RefreshPlugins (3ms)
				BeforeProcessingInitializeOnLoad (257ms)
				ProcessInitializeOnLoadAttributes (782ms)
				ProcessInitializeOnLoadMethodAttributes (96ms)
				AfterProcessingInitializeOnLoad (20ms)
				EditorAssembliesLoaded (0ms)
			ExecutionOrderSort2 (0ms)
			AwakeInstancesAfterBackupRestoration (16ms)
Platform modules already initialized, skipping
========================================================================
Worker process is ready to serve import requests
Launched and connected shader compiler UnityShaderCompiler.exe after 0.13 seconds
Refreshing native plugins compatible for Editor in 1.48 ms, found 3 plugins.
Preloading 0 native plugins for Editor in 0.00 ms.
Unloading 3381 Unused Serialized files (Serialized files now loaded: 0)
Unloading 27 unused Assets / (111.6 KB). Loaded Objects now: 3856.
Memory consumption went from 128.8 MB to 128.6 MB.
Total: 8.031400 ms (FindLiveObjects: 0.459500 ms CreateObjectMapping: 0.141900 ms MarkObjects: 6.917500 ms  DeleteObjects: 0.510000 ms)

AssetImportParameters requested are different than current active one (requested -> active):
  custom:video-decoder-ogg-theora: a1e56fd34408186e4bbccfd4996cb3dc -> 
  custom:container-muxer-webm: aa71ff27fc2769a1b78a27578f13a17b -> 
  custom:container-demuxer-webm: 4f35f7cbe854078d1ac9338744f61a02 -> 
  custom:video-encoder-webm-vp8: eb34c28f22e8b96e1ab97ce403110664 -> 
  custom:audio-encoder-webm-vorbis: bf7c407c2cedff20999df2af8eb42d56 -> 
  custom:framework-win-MediaFoundation: 216162199b28c13a410421893ffa2e32 -> 
  custom:container-demuxer-ogg: 62fdf1f143b41e24485cea50d1cbac27 -> 
  custom:video-decoder-webm-vp8: 9c59270c3fd7afecdb556c50c9e8de78 -> 
  custom:audio-decoder-ogg-vorbis: bf7c407c2cedff20999df2af8eb42d56 -> 
========================================================================
Received Import Request.
  Time since last request: 1249640.762173 seconds.
  path: Assets/Cartoon low poly tree/Meshes
  artifactKey: Guid(f317328978c16fe4b8f1a3c93c2ae0bc) Importer(815301076,1909f56bfc062723c751e8b465ee728b)
Start importing Assets/Cartoon low poly tree/Meshes using Guid(f317328978c16fe4b8f1a3c93c2ae0bc) Importer(815301076,1909f56bfc062723c751e8b465ee728b)  -> (artifact id: '95d44479e0b46fe9b4ee62a562124214') in 0.022224 seconds 
========================================================================
Received Import Request.
  Time since last request: 0.000123 seconds.
  path: Assets/Cartoon low poly tree/Meshes/tree05.fbx
  artifactKey: Guid(b9c3c3d4a1818ab4395d85f342a45261) Importer(815301076,1909f56bfc062723c751e8b465ee728b)
Start importing Assets/Cartoon low poly tree/Meshes/tree05.fbx using Guid(b9c3c3d4a1818ab4395d85f342a45261) Importer(815301076,1909f56bfc062723c751e8b465ee728b)  -> (artifact id: 'ca05e95717922767b45bbb4c76c1173d') in 0.844677 seconds 
========================================================================
Received Import Request.
  Time since last request: 0.000128 seconds.
  path: Assets/Cartoon low poly tree/Materials/tree.mat
  artifactKey: Guid(faff3c7e646bbbe4fb407521f496cea9) Importer(815301076,1909f56bfc062723c751e8b465ee728b)
Start importing Assets/Cartoon low poly tree/Materials/tree.mat using Guid(faff3c7e646bbbe4fb407521f496cea9) Importer(815301076,1909f56bfc062723c751e8b465ee728b)  -> (artifact id: '233eb732aff788e4523b844c479470f4') in 0.088275 seconds 
========================================================================
Received Import Request.
  Time since last request: 0.000167 seconds.
  path: Assets/Cartoon low poly tree/Materials
  artifactKey: Guid(2730e24939082454b990be1e932987bf) Importer(815301076,1909f56bfc062723c751e8b465ee728b)
Start importing Assets/Cartoon low poly tree/Materials using Guid(2730e24939082454b990be1e932987bf) Importer(815301076,1909f56bfc062723c751e8b465ee728b)  -> (artifact id: '2f0ca1becfd5ed5085a547aeeda20b5c') in 0.026658 seconds 
========================================================================
Received Import Request.
  Time since last request: 0.000270 seconds.
  path: Assets/Cartoon low poly tree/Meshes/tree02.fbx
  artifactKey: Guid(96bcc03b913068b40b0561e7b2dccc33) Importer(815301076,1909f56bfc062723c751e8b465ee728b)
Start importing Assets/Cartoon low poly tree/Meshes/tree02.fbx using Guid(96bcc03b913068b40b0561e7b2dccc33) Importer(815301076,1909f56bfc062723c751e8b465ee728b)  -> (artifact id: 'fcf4ccb970848224cd0e5630f6fc8321') in 0.086071 seconds 
========================================================================
Received Import Request.
  Time since last request: 0.000057 seconds.
  path: Assets/Cartoon low poly tree/Meshes/tree08.fbx
  artifactKey: Guid(ebc860bc75b893d4bb05d41b82e09636) Importer(815301076,1909f56bfc062723c751e8b465ee728b)
Start importing Assets/Cartoon low poly tree/Meshes/tree08.fbx using Guid(ebc860bc75b893d4bb05d41b82e09636) Importer(815301076,1909f56bfc062723c751e8b465ee728b)  -> (artifact id: 'dbce481a4c582a1a316ef0f3960a9083') in 0.080006 seconds 
========================================================================
Received Import Request.
  Time since last request: 0.000061 seconds.
  path: Assets/Cartoon low poly tree/Meshes/tree01.fbx
  artifactKey: Guid(ee64176f66e063a40a2d34237d1add35) Importer(815301076,1909f56bfc062723c751e8b465ee728b)
Start importing Assets/Cartoon low poly tree/Meshes/tree01.fbx using Guid(ee64176f66e063a40a2d34237d1add35) Importer(815301076,1909f56bfc062723c751e8b465ee728b)  -> (artifact id: 'b06b06229ebdbd38626d20958f8ec08e') in 0.077649 seconds 
========================================================================
Received Import Request.
  Time since last request: 0.000060 seconds.
  path: Assets/Cartoon low poly tree/Textures/tree_DefaultMaterial_BaseColor 1.png
  artifactKey: Guid(43f39768929fe9344adf471a23186cd0) Importer(815301076,1909f56bfc062723c751e8b465ee728b)
Start importing Assets/Cartoon low poly tree/Textures/tree_DefaultMaterial_BaseColor 1.png using Guid(43f39768929fe9344adf471a23186cd0) Importer(815301076,1909f56bfc062723c751e8b465ee728b)  -> (artifact id: 'dda3d162f1f07bf53916101013263b59') in 0.067296 seconds 
========================================================================
Received Import Request.
  Time since last request: 0.000226 seconds.
  path: Assets/Cartoon low poly tree
  artifactKey: Guid(fe535f47665bd454f8c239ea6424a5f2) Importer(815301076,1909f56bfc062723c751e8b465ee728b)
Start importing Assets/Cartoon low poly tree using Guid(fe535f47665bd454f8c239ea6424a5f2) Importer(815301076,1909f56bfc062723c751e8b465ee728b)  -> (artifact id: 'e502baa28815a52bd72e0d3faccc4422') in 0.004798 seconds 
========================================================================
Received Import Request.
  Time since last request: 0.000114 seconds.
  path: Assets/Cartoon low poly tree/Meshes/tree03.fbx
  artifactKey: Guid(5863453db05cbdc46a18aed2eb08ffbc) Importer(815301076,1909f56bfc062723c751e8b465ee728b)
Start importing Assets/Cartoon low poly tree/Meshes/tree03.fbx using Guid(5863453db05cbdc46a18aed2eb08ffbc) Importer(815301076,1909f56bfc062723c751e8b465ee728b)  -> (artifact id: 'b56dfc003d034c1569eeb5d57739879b') in 0.076441 seconds 
========================================================================
Received Import Request.
  Time since last request: 22.339412 seconds.
  path: Assets/Cartoon low poly tree/Scenes
  artifactKey: Guid(0cfb43ae564d4b64e99d5ad5b8e4123d) Importer(815301076,1909f56bfc062723c751e8b465ee728b)
Start importing Assets/Cartoon low poly tree/Scenes using Guid(0cfb43ae564d4b64e99d5ad5b8e4123d) Importer(815301076,1909f56bfc062723c751e8b465ee728b)  -> (artifact id: '758fcc9e3d731a7c81f3e3c0e5cea892') in 0.003534 seconds 
========================================================================
Received Import Request.
  Time since last request: 1.812739 seconds.
  path: Assets/Cartoon low poly tree/Scenes/Demo_01.unity
  artifactKey: Guid(f0f621f7e2af9704da38423ead443fa7) Importer(815301076,1909f56bfc062723c751e8b465ee728b)
Start importing Assets/Cartoon low poly tree/Scenes/Demo_01.unity using Guid(f0f621f7e2af9704da38423ead443fa7) Importer(815301076,1909f56bfc062723c751e8b465ee728b)  -> (artifact id: '5f9d84995d68a22e9f75c58414b3ab1c') in 0.003117 seconds 
========================================================================
Received Import Request.
  Time since last request: 8.064676 seconds.
  path: Assets/Cartoon low poly tree/Materials/Ambient Occlusion Map from Mesh DefaultMaterial.mat
  artifactKey: Guid(206fe5fed2ae4cc4186215fe39de9cfc) Importer(815301076,1909f56bfc062723c751e8b465ee728b)
Start importing Assets/Cartoon low poly tree/Materials/Ambient Occlusion Map from Mesh DefaultMaterial.mat using Guid(206fe5fed2ae4cc4186215fe39de9cfc) Importer(815301076,1909f56bfc062723c751e8b465ee728b)  -> (artifact id: '32b827c459f49a9d7cbd8dfea14dd26a') in 0.036378 seconds 
========================================================================
Received Import Request.
  Time since last request: 272.678455 seconds.
  path: Assets/Tree_Textures
  artifactKey: Guid(271b16308c7db054585e44a12799142c) Importer(815301076,1909f56bfc062723c751e8b465ee728b)
Start importing Assets/Tree_Textures using Guid(271b16308c7db054585e44a12799142c) Importer(815301076,1909f56bfc062723c751e8b465ee728b)  -> (artifact id: 'b16077a9b97dd70cd714edad1726cd10') in 0.005640 seconds 
========================================================================
Received Import Request.
  Time since last request: 0.073242 seconds.
  path: Assets/Tree_Textures/diffuse.png
  artifactKey: Guid(66865ab9dbe475a418b5383b7925eee5) Importer(815301076,1909f56bfc062723c751e8b465ee728b)
Start importing Assets/Tree_Textures/diffuse.png using Guid(66865ab9dbe475a418b5383b7925eee5) Importer(815301076,1909f56bfc062723c751e8b465ee728b)  -> (artifact id: '6726046f90045bcf49ed8533a29f8c77') in 0.030704 seconds 
========================================================================
Received Import Request.
  Time since last request: 0.000129 seconds.
  path: Assets/Tree_Textures/shadow.png
  artifactKey: Guid(2eb85eafdeb7f284a9b379af62a5f0af) Importer(815301076,1909f56bfc062723c751e8b465ee728b)
Start importing Assets/Tree_Textures/shadow.png using Guid(2eb85eafdeb7f284a9b379af62a5f0af) Importer(815301076,1909f56bfc062723c751e8b465ee728b)  -> (artifact id: 'f305c18be847adf1c0c97c2f7b60e918') in 0.029877 seconds 
========================================================================
Received Import Request.
  Time since last request: 2.460489 seconds.
  path: Assets/Tree 1_Textures
  artifactKey: Guid(6646dd57ad8ddaa418bdc87be9ade439) Importer(815301076,1909f56bfc062723c751e8b465ee728b)
Start importing Assets/Tree 1_Textures using Guid(6646dd57ad8ddaa418bdc87be9ade439) Importer(815301076,1909f56bfc062723c751e8b465ee728b)  -> (artifact id: '275e0335b15c564d5c25ca62ed155d08') in 0.006176 seconds 
========================================================================
Received Import Request.
  Time since last request: 0.050756 seconds.
  path: Assets/Tree 1_Textures/diffuse.png
  artifactKey: Guid(7ca38bb1a2baaf2488ac33bb038ba544) Importer(815301076,1909f56bfc062723c751e8b465ee728b)
Start importing Assets/Tree 1_Textures/diffuse.png using Guid(7ca38bb1a2baaf2488ac33bb038ba544) Importer(815301076,1909f56bfc062723c751e8b465ee728b)  -> (artifact id: '21c414e749b6c2787c520a7b6527e399') in 0.029343 seconds 
========================================================================
Received Import Request.
  Time since last request: 0.000149 seconds.
  path: Assets/Tree 1_Textures/translucency_gloss.png
  artifactKey: Guid(27c5427261f93d94e8824c7e4287abb0) Importer(815301076,1909f56bfc062723c751e8b465ee728b)
Start importing Assets/Tree 1_Textures/translucency_gloss.png using Guid(27c5427261f93d94e8824c7e4287abb0) Importer(815301076,1909f56bfc062723c751e8b465ee728b)  -> (artifact id: 'b56e4af7ca3e970227e7e75570f09df0') in 0.026467 seconds 
========================================================================
Received Import Request.
  Time since last request: 142.412010 seconds.
  path: Assets/Scenes
  artifactKey: Guid(6ea315d0fd7389c41b19996891e99ae3) Importer(815301076,1909f56bfc062723c751e8b465ee728b)
Start importing Assets/Scenes using Guid(6ea315d0fd7389c41b19996891e99ae3) Importer(815301076,1909f56bfc062723c751e8b465ee728b)  -> (artifact id: 'bc172811d573b296104adb4d2728db37') in 0.003132 seconds 
========================================================================
Received Import Request.
  Time since last request: 1.116615 seconds.
  path: Assets/Scenes/SampleScene.unity
  artifactKey: Guid(9fc0d4010bbf28b4594072e72b8655ab) Importer(815301076,1909f56bfc062723c751e8b465ee728b)
Start importing Assets/Scenes/SampleScene.unity using Guid(9fc0d4010bbf28b4594072e72b8655ab) Importer(815301076,1909f56bfc062723c751e8b465ee728b)  -> (artifact id: '0e096d01fcdef316edfea4c614119f61') in 0.006219 seconds 
========================================================================
Received Import Request.
  Time since last request: 12.152115 seconds.
  path: Assets/Hand Painted Grass  Texture/Material/Gtass_mobile.mat
  artifactKey: Guid(2ed5ac5bee18ffe4396d871af249a6b7) Importer(815301076,1909f56bfc062723c751e8b465ee728b)
Start importing Assets/Hand Painted Grass  Texture/Material/Gtass_mobile.mat using Guid(2ed5ac5bee18ffe4396d871af249a6b7) Importer(815301076,1909f56bfc062723c751e8b465ee728b)  -> (artifact id: 'fc4722a7de98a506144d8da99eeeb952') in 0.329824 seconds 
========================================================================
Received Import Request.
  Time since last request: 917.235265 seconds.
  path: Assets/Hand Painted Grass  Texture
  artifactKey: Guid(26164213c3f76a241bd586227ce0201b) Importer(815301076,1909f56bfc062723c751e8b465ee728b)
Start importing Assets/Hand Painted Grass  Texture using Guid(26164213c3f76a241bd586227ce0201b) Importer(815301076,1909f56bfc062723c751e8b465ee728b)  -> (artifact id: 'ca805e769a4bbac3b0f4d87681fd5c06') in 0.004575 seconds 
========================================================================
Received Import Request.
  Time since last request: 4.850338 seconds.
  path: Assets/Hand Painted Grass  Texture/Material
  artifactKey: Guid(1e4ee3f2ef834cf479ff6efa97ec7922) Importer(815301076,1909f56bfc062723c751e8b465ee728b)
Start importing Assets/Hand Painted Grass  Texture/Material using Guid(1e4ee3f2ef834cf479ff6efa97ec7922) Importer(815301076,1909f56bfc062723c751e8b465ee728b)  -> (artifact id: '5c061a478ca0117f87c862c8da39251e') in 0.005340 seconds 
========================================================================
Received Import Request.
  Time since last request: 96.487864 seconds.
  path: Assets/Tree 1_Textures/Materials
  artifactKey: Guid(b5c404e17d9ae694eb5a62aaba652d61) Importer(815301076,1909f56bfc062723c751e8b465ee728b)
Start importing Assets/Tree 1_Textures/Materials using Guid(b5c404e17d9ae694eb5a62aaba652d61) Importer(815301076,1909f56bfc062723c751e8b465ee728b)  -> (artifact id: 'eddf12046192a4d6c46f5e7859e238ae') in 0.003934 seconds 
========================================================================
Received Import Request.
  Time since last request: 0.734543 seconds.
  path: Assets/Tree 1_Textures/Materials/normal_specular.mat
  artifactKey: Guid(b4e09fcb154102949aae079bcc8d95b4) Importer(815301076,1909f56bfc062723c751e8b465ee728b)
Start importing Assets/Tree 1_Textures/Materials/normal_specular.mat using Guid(b4e09fcb154102949aae079bcc8d95b4) Importer(815301076,1909f56bfc062723c751e8b465ee728b)  -> (artifact id: '786637ead420ae338c5b7f544662185a') in 0.033446 seconds 
========================================================================
Received Import Request.
  Time since last request: 0.000049 seconds.
  path: Assets/Tree 1_Textures/Materials/translucency_gloss.mat
  artifactKey: Guid(02214ca499d4ed74c8f3953c095be5c5) Importer(815301076,1909f56bfc062723c751e8b465ee728b)
Start importing Assets/Tree 1_Textures/Materials/translucency_gloss.mat using Guid(02214ca499d4ed74c8f3953c095be5c5) Importer(815301076,1909f56bfc062723c751e8b465ee728b)  -> (artifact id: '9394cfe0305645964239de0a9779d32f') in 0.031227 seconds 
