Using pre-set license
Built from '2021.3/staging' branch; Version is '2021.3.9f1 (ad3870b89536) revision 11352176'; Using compiler version '192829333'; Build Type 'Release'
OS: 'Windows 10  (10.0.19045) 64bit ProfessionalEducation' Language: 'sv' Physical Memory: 7882 MB
BatchMode: 1, IsHumanControllingUs: 0, StartBugReporterOnCrash: 0, Is64bit: 1, IsPro: 1

COMMAND LINE ARGUMENTS:
C:\Program Files\Unity\Hub\Editor\2021.3.9f1\Editor\Unity.exe
-adb2
-batchMode
-noUpm
-name
AssetImportWorker1
-projectPath
C:/Users/GeorgiosKopsachilis/unity_stuff/Snaek_3D
-logFile
Logs/AssetImportWorker1.log
-srvPort
65517
Successfully changed project path to: C:/Users/GeorgiosKopsachilis/unity_stuff/Snaek_3D
C:/Users/GeorgiosKopsachilis/unity_stuff/Snaek_3D
[UnityMemory] Configuration Parameters - Can be set up in boot.config
    "memorysetup-bucket-allocator-granularity=16"
    "memorysetup-bucket-allocator-bucket-count=8"
    "memorysetup-bucket-allocator-block-size=33554432"
    "memorysetup-bucket-allocator-block-count=8"
    "memorysetup-main-allocator-block-size=16777216"
    "memorysetup-thread-allocator-block-size=16777216"
    "memorysetup-gfx-main-allocator-block-size=16777216"
    "memorysetup-gfx-thread-allocator-block-size=16777216"
    "memorysetup-cache-allocator-block-size=4194304"
    "memorysetup-typetree-allocator-block-size=2097152"
    "memorysetup-profiler-bucket-allocator-granularity=16"
    "memorysetup-profiler-bucket-allocator-bucket-count=8"
    "memorysetup-profiler-bucket-allocator-block-size=33554432"
    "memorysetup-profiler-bucket-allocator-block-count=8"
    "memorysetup-profiler-allocator-block-size=16777216"
    "memorysetup-profiler-editor-allocator-block-size=1048576"
    "memorysetup-temp-allocator-size-main=16777216"
    "memorysetup-job-temp-allocator-block-size=2097152"
    "memorysetup-job-temp-allocator-block-size-background=1048576"
    "memorysetup-job-temp-allocator-reduction-small-platforms=262144"
    "memorysetup-temp-allocator-size-background-worker=32768"
    "memorysetup-temp-allocator-size-job-worker=262144"
    "memorysetup-temp-allocator-size-preload-manager=33554432"
    "memorysetup-temp-allocator-size-nav-mesh-worker=65536"
    "memorysetup-temp-allocator-size-audio-worker=65536"
    "memorysetup-temp-allocator-size-cloud-worker=32768"
    "memorysetup-temp-allocator-size-gi-baking-worker=262144"
    "memorysetup-temp-allocator-size-gfx=262144"
Refreshing native plugins compatible for Editor in 226.77 ms, found 3 plugins.
Preloading 0 native plugins for Editor in 0.00 ms.
Initialize engine version: 2021.3.9f1 (ad3870b89536)
[Subsystems] Discovering subsystems at path C:/Program Files/Unity/Hub/Editor/2021.3.9f1/Editor/Data/Resources/UnitySubsystems
[Subsystems] Discovering subsystems at path C:/Users/GeorgiosKopsachilis/unity_stuff/Snaek_3D/Assets
GfxDevice: creating device client; threaded=0; jobified=0
Direct3D:
    Version:  Direct3D 11.0 [level 11.1]
    Renderer: Intel(R) Iris(R) Xe Graphics (ID=0x9a49)
    Vendor:   Intel
    VRAM:     3941 MB
    Driver:   30.0.101.1003
Initialize mono
Mono path[0] = 'C:/Program Files/Unity/Hub/Editor/2021.3.9f1/Editor/Data/Managed'
Mono path[1] = 'C:/Program Files/Unity/Hub/Editor/2021.3.9f1/Editor/Data/MonoBleedingEdge/lib/mono/unityjit-win32'
Mono config path = 'C:/Program Files/Unity/Hub/Editor/2021.3.9f1/Editor/Data/MonoBleedingEdge/etc'
Using monoOptions --debugger-agent=transport=dt_socket,embedding=1,server=y,suspend=n,address=127.0.0.1:56396
Begin MonoManager ReloadAssembly
Registering precompiled unity dll's ...
Register platform support module: C:/Program Files/Unity/Hub/Editor/2021.3.9f1/Editor/Data/PlaybackEngines/WindowsStandaloneSupport/UnityEditor.WindowsStandalone.Extensions.dll
Registered in 0.017447 seconds.
Native extension for WindowsStandalone target not found
Refreshing native plugins compatible for Editor in 241.63 ms, found 3 plugins.
Preloading 0 native plugins for Editor in 0.00 ms.
Mono: successfully reloaded assembly
- Completed reload, in  2.224 seconds
Domain Reload Profiling:
	ReloadAssembly (2226ms)
		BeginReloadAssembly (259ms)
			ExecutionOrderSort (0ms)
			DisableScriptedObjects (0ms)
			BackupInstance (0ms)
			ReleaseScriptingObjects (0ms)
			CreateAndSetChildDomain (2ms)
		EndReloadAssembly (1584ms)
			LoadAssemblies (253ms)
			RebuildTransferFunctionScriptingTraits (0ms)
			SetupTypeCache (425ms)
			ReleaseScriptCaches (0ms)
			RebuildScriptCaches (99ms)
			SetupLoadedEditorAssemblies (884ms)
				LogAssemblyErrors (0ms)
				InitializePlatformSupportModulesInManaged (25ms)
				SetLoadedEditorAssemblies (2ms)
				RefreshPlugins (242ms)
				BeforeProcessingInitializeOnLoad (4ms)
				ProcessInitializeOnLoadAttributes (444ms)
				ProcessInitializeOnLoadMethodAttributes (167ms)
				AfterProcessingInitializeOnLoad (0ms)
				EditorAssembliesLoaded (0ms)
			ExecutionOrderSort2 (0ms)
			AwakeInstancesAfterBackupRestoration (0ms)
Platform modules already initialized, skipping
Registering precompiled user dll's ...
Registered in 0.016923 seconds.
Begin MonoManager ReloadAssembly
Symbol file LoadedFromMemory doesn't match image C:\Users\GeorgiosKopsachilis\unity_stuff\Snaek_3D\Library\PackageCache\com.unity.visualscripting@1.7.8\Editor\VisualScripting.Core\Dependencies\YamlDotNet\Unity.VisualScripting.YamlDotNet.dll
Symbol file LoadedFromMemory doesn't match image C:\Users\GeorgiosKopsachilis\unity_stuff\Snaek_3D\Library\PackageCache\com.unity.visualscripting@1.7.8\Editor\VisualScripting.Core\Dependencies\DotNetZip\Unity.VisualScripting.IonicZip.dll
Native extension for WindowsStandalone target not found
Refreshing native plugins compatible for Editor in 2.51 ms, found 3 plugins.
Preloading 0 native plugins for Editor in 0.00 ms.
Mono: successfully reloaded assembly
- Completed reload, in  3.660 seconds
Domain Reload Profiling:
	ReloadAssembly (3663ms)
		BeginReloadAssembly (359ms)
			ExecutionOrderSort (0ms)
			DisableScriptedObjects (17ms)
			BackupInstance (0ms)
			ReleaseScriptingObjects (0ms)
			CreateAndSetChildDomain (68ms)
		EndReloadAssembly (2927ms)
			LoadAssemblies (348ms)
			RebuildTransferFunctionScriptingTraits (0ms)
			SetupTypeCache (951ms)
			ReleaseScriptCaches (4ms)
			RebuildScriptCaches (268ms)
			SetupLoadedEditorAssemblies (1201ms)
				LogAssemblyErrors (0ms)
				InitializePlatformSupportModulesInManaged (22ms)
				SetLoadedEditorAssemblies (1ms)
				RefreshPlugins (3ms)
				BeforeProcessingInitializeOnLoad (265ms)
				ProcessInitializeOnLoadAttributes (795ms)
				ProcessInitializeOnLoadMethodAttributes (96ms)
				AfterProcessingInitializeOnLoad (18ms)
				EditorAssembliesLoaded (1ms)
			ExecutionOrderSort2 (0ms)
			AwakeInstancesAfterBackupRestoration (17ms)
Platform modules already initialized, skipping
========================================================================
Worker process is ready to serve import requests
Launched and connected shader compiler UnityShaderCompiler.exe after 0.15 seconds
Refreshing native plugins compatible for Editor in 1.47 ms, found 3 plugins.
Preloading 0 native plugins for Editor in 0.00 ms.
Unloading 3381 Unused Serialized files (Serialized files now loaded: 0)
Unloading 27 unused Assets / (111.6 KB). Loaded Objects now: 3856.
Memory consumption went from 128.8 MB to 128.6 MB.
Total: 11.184700 ms (FindLiveObjects: 1.323300 ms CreateObjectMapping: 0.783800 ms MarkObjects: 8.782000 ms  DeleteObjects: 0.293200 ms)

AssetImportParameters requested are different than current active one (requested -> active):
  custom:video-decoder-ogg-theora: a1e56fd34408186e4bbccfd4996cb3dc -> 
  custom:container-muxer-webm: aa71ff27fc2769a1b78a27578f13a17b -> 
  custom:container-demuxer-webm: 4f35f7cbe854078d1ac9338744f61a02 -> 
  custom:video-encoder-webm-vp8: eb34c28f22e8b96e1ab97ce403110664 -> 
  custom:audio-encoder-webm-vorbis: bf7c407c2cedff20999df2af8eb42d56 -> 
  custom:framework-win-MediaFoundation: 216162199b28c13a410421893ffa2e32 -> 
  custom:container-demuxer-ogg: 62fdf1f143b41e24485cea50d1cbac27 -> 
  custom:video-decoder-webm-vp8: 9c59270c3fd7afecdb556c50c9e8de78 -> 
  custom:audio-decoder-ogg-vorbis: bf7c407c2cedff20999df2af8eb42d56 -> 
========================================================================
Received Import Request.
  Time since last request: 1249640.767220 seconds.
  path: Assets/Cartoon low poly tree/Meshes/tree10.fbx
  artifactKey: Guid(ce4021a0c7dc183488fb18d22759bd24) Importer(815301076,1909f56bfc062723c751e8b465ee728b)
Start importing Assets/Cartoon low poly tree/Meshes/tree10.fbx using Guid(ce4021a0c7dc183488fb18d22759bd24) Importer(815301076,1909f56bfc062723c751e8b465ee728b)  -> (artifact id: '7b3e2ade7241c929f36abff2a5afa4b8') in 0.907004 seconds 
========================================================================
Received Import Request.
  Time since last request: 0.000043 seconds.
  path: Assets/Cartoon low poly tree/Meshes/tree06.fbx
  artifactKey: Guid(c4a8c9e28bdf4b84ab0db3cdc7532633) Importer(815301076,1909f56bfc062723c751e8b465ee728b)
Start importing Assets/Cartoon low poly tree/Meshes/tree06.fbx using Guid(c4a8c9e28bdf4b84ab0db3cdc7532633) Importer(815301076,1909f56bfc062723c751e8b465ee728b)  -> (artifact id: '35c2e38821cdd590b3333c2a9950c047') in 0.106202 seconds 
========================================================================
Received Import Request.
  Time since last request: 0.000273 seconds.
  path: Assets/Cartoon low poly tree/Textures/Ambient Occlusion Map from Mesh DefaultMaterial.png
  artifactKey: Guid(89b9dec6bfb273e459b0ea3e4bb41768) Importer(815301076,1909f56bfc062723c751e8b465ee728b)
Start importing Assets/Cartoon low poly tree/Textures/Ambient Occlusion Map from Mesh DefaultMaterial.png using Guid(89b9dec6bfb273e459b0ea3e4bb41768) Importer(815301076,1909f56bfc062723c751e8b465ee728b)  -> (artifact id: 'a47855c6e606c900e121749eed065a65') in 0.146787 seconds 
========================================================================
Received Import Request.
  Time since last request: 0.000101 seconds.
  path: Assets/Cartoon low poly tree/Meshes/tree09.fbx
  artifactKey: Guid(444bdd942bb77af4e8ab0ae6d0cc7bd4) Importer(815301076,1909f56bfc062723c751e8b465ee728b)
Start importing Assets/Cartoon low poly tree/Meshes/tree09.fbx using Guid(444bdd942bb77af4e8ab0ae6d0cc7bd4) Importer(815301076,1909f56bfc062723c751e8b465ee728b)  -> (artifact id: 'e9fa4e56a9e8542f7b25e94f3e98f0b2') in 0.064759 seconds 
========================================================================
Received Import Request.
  Time since last request: 0.000059 seconds.
  path: Assets/Cartoon low poly tree/Meshes/tree04.fbx
  artifactKey: Guid(dc9b74e51e432fd40bfcc4f28fb3a17e) Importer(815301076,1909f56bfc062723c751e8b465ee728b)
Start importing Assets/Cartoon low poly tree/Meshes/tree04.fbx using Guid(dc9b74e51e432fd40bfcc4f28fb3a17e) Importer(815301076,1909f56bfc062723c751e8b465ee728b)  -> (artifact id: 'cf253728cc1b461e90d0e324edc24469') in 0.069564 seconds 
========================================================================
Received Import Request.
  Time since last request: 0.000064 seconds.
  path: Assets/Cartoon low poly tree/Meshes/tree07.fbx
  artifactKey: Guid(62ef2651489b52541b4c69d5088bcec4) Importer(815301076,1909f56bfc062723c751e8b465ee728b)
Start importing Assets/Cartoon low poly tree/Meshes/tree07.fbx using Guid(62ef2651489b52541b4c69d5088bcec4) Importer(815301076,1909f56bfc062723c751e8b465ee728b)  -> (artifact id: '12f548afe9c84b6152c0dd1d99b17685') in 0.065365 seconds 
========================================================================
Received Import Request.
  Time since last request: 0.000046 seconds.
  path: Assets/Cartoon low poly tree/Textures
  artifactKey: Guid(dc80095e726027f46ab739487b5bb9ce) Importer(815301076,1909f56bfc062723c751e8b465ee728b)
Start importing Assets/Cartoon low poly tree/Textures using Guid(dc80095e726027f46ab739487b5bb9ce) Importer(815301076,1909f56bfc062723c751e8b465ee728b)  -> (artifact id: '295bcb116cf2b4a88301be8b0064c53e') in 0.006651 seconds 
========================================================================
Received Import Request.
  Time since last request: 0.000047 seconds.
  path: Assets/Cartoon low poly tree/Meshes/tree12.fbx
  artifactKey: Guid(8acba457351874d469c7a7d0421a33f5) Importer(815301076,1909f56bfc062723c751e8b465ee728b)
Start importing Assets/Cartoon low poly tree/Meshes/tree12.fbx using Guid(8acba457351874d469c7a7d0421a33f5) Importer(815301076,1909f56bfc062723c751e8b465ee728b)  -> (artifact id: '0f929a787759fa18915cfbf4c58157bf') in 0.063218 seconds 
========================================================================
Received Import Request.
  Time since last request: 0.000057 seconds.
  path: Assets/Cartoon low poly tree/Meshes/tree11.fbx
  artifactKey: Guid(1969e905fb567c743afbcb1af60feb03) Importer(815301076,1909f56bfc062723c751e8b465ee728b)
Start importing Assets/Cartoon low poly tree/Meshes/tree11.fbx using Guid(1969e905fb567c743afbcb1af60feb03) Importer(815301076,1909f56bfc062723c751e8b465ee728b)  -> (artifact id: '76a760279b2c1ef4e6b5026f304a323f') in 0.059403 seconds 
========================================================================
Received Import Request.
  Time since last request: 32.205670 seconds.
  path: Assets/Cartoon low poly tree/Materials/tree_DefaultMaterial_BaseColor 1.mat
  artifactKey: Guid(ccd6d90d57dda7440a22453207966bd1) Importer(815301076,1909f56bfc062723c751e8b465ee728b)
Start importing Assets/Cartoon low poly tree/Materials/tree_DefaultMaterial_BaseColor 1.mat using Guid(ccd6d90d57dda7440a22453207966bd1) Importer(815301076,1909f56bfc062723c751e8b465ee728b)  -> (artifact id: '8189d9e803f3f182402555e6cc47cb8e') in 0.045038 seconds 
========================================================================
Received Import Request.
  Time since last request: 272.770076 seconds.
  path: Assets/Tree_Textures/normal_specular.png
  artifactKey: Guid(591989715c1b8da48931b50773504b3e) Importer(815301076,1909f56bfc062723c751e8b465ee728b)
Start importing Assets/Tree_Textures/normal_specular.png using Guid(591989715c1b8da48931b50773504b3e) Importer(815301076,1909f56bfc062723c751e8b465ee728b)  -> (artifact id: 'af99757606d2f05bcff9fdef000eaf31') in 0.041453 seconds 
========================================================================
Received Import Request.
  Time since last request: 0.000086 seconds.
  path: Assets/Tree_Textures/translucency_gloss.png
  artifactKey: Guid(9a3cc6597faec864dae2d92dd515647e) Importer(815301076,1909f56bfc062723c751e8b465ee728b)
Start importing Assets/Tree_Textures/translucency_gloss.png using Guid(9a3cc6597faec864dae2d92dd515647e) Importer(815301076,1909f56bfc062723c751e8b465ee728b)  -> (artifact id: 'ec4d5446f7d344a2592688729d097265') in 0.034783 seconds 
========================================================================
Received Import Request.
  Time since last request: 2.519391 seconds.
  path: Assets/Tree 1_Textures/normal_specular.png
  artifactKey: Guid(4159dc764b6fffb45bce1b9798a241ee) Importer(815301076,1909f56bfc062723c751e8b465ee728b)
Start importing Assets/Tree 1_Textures/normal_specular.png using Guid(4159dc764b6fffb45bce1b9798a241ee) Importer(815301076,1909f56bfc062723c751e8b465ee728b)  -> (artifact id: 'ff105a12f0709c3ed747eaf301e68b5a') in 0.027853 seconds 
========================================================================
Received Import Request.
  Time since last request: 0.000027 seconds.
  path: Assets/Tree 1_Textures/shadow.png
  artifactKey: Guid(9a43422248d92c9418ca6054f83dcc10) Importer(815301076,1909f56bfc062723c751e8b465ee728b)
Start importing Assets/Tree 1_Textures/shadow.png using Guid(9a43422248d92c9418ca6054f83dcc10) Importer(815301076,1909f56bfc062723c751e8b465ee728b)  -> (artifact id: '57e0c098256ee5f2a1913fd48bbbd2d5') in 0.032871 seconds 
========================================================================
Received Import Request.
  Time since last request: 155.726699 seconds.
  path: Assets/Hand Painted Grass  Texture/Material/Gtass_normal.mat
  artifactKey: Guid(ffa9f731b331c2e40a2d09ecab6118c2) Importer(815301076,1909f56bfc062723c751e8b465ee728b)
Start importing Assets/Hand Painted Grass  Texture/Material/Gtass_normal.mat using Guid(ffa9f731b331c2e40a2d09ecab6118c2) Importer(815301076,1909f56bfc062723c751e8b465ee728b)  -> (artifact id: '0fdebf1fc55df16fd163cfe65fabbe83') in 0.717184 seconds 
========================================================================
Received Import Request.
  Time since last request: 1018.972101 seconds.
  path: Assets/Tree 1_Textures/Materials/shadow.mat
  artifactKey: Guid(e4347775d61c9e44980595ea8ba5dbbf) Importer(815301076,1909f56bfc062723c751e8b465ee728b)
Start importing Assets/Tree 1_Textures/Materials/shadow.mat using Guid(e4347775d61c9e44980595ea8ba5dbbf) Importer(815301076,1909f56bfc062723c751e8b465ee728b)  -> (artifact id: '550cce2c1843b5810b98109a25e29acd') in 0.049811 seconds 
